2023-10-06T12:07:51.589+09:00  INFO 15336 --- [restartedMain] kr.ch09.Ch09Application                  : Starting Ch09Application using Java 17.0.8.1 with PID 15336 (C:\Users\Java\Desktop\workspace\Spring\Ch09\target\classes started by Java in C:\Users\Java\Desktop\workspace\Spring\Ch09)
2023-10-06T12:07:51.591+09:00  INFO 15336 --- [restartedMain] kr.ch09.Ch09Application                  : No active profile set, falling back to 1 default profile: "default"
2023-10-06T12:07:51.614+09:00  INFO 15336 --- [restartedMain] .e.DevToolsPropertyDefaultsPostProcessor : Devtools property defaults active! Set 'spring.devtools.add-properties' to 'false' to disable
2023-10-06T12:07:51.614+09:00  INFO 15336 --- [restartedMain] .e.DevToolsPropertyDefaultsPostProcessor : For additional web related logging consider setting the 'logging.level.web' property to 'DEBUG'
2023-10-06T12:07:51.889+09:00  INFO 15336 --- [restartedMain] .s.d.r.c.RepositoryConfigurationDelegate : Bootstrapping Spring Data JPA repositories in DEFAULT mode.
2023-10-06T12:07:51.909+09:00  INFO 15336 --- [restartedMain] .s.d.r.c.RepositoryConfigurationDelegate : Finished Spring Data repository scanning in 17 ms. Found 1 JPA repository interfaces.
2023-10-06T12:07:51.961+09:00  WARN 15336 --- [restartedMain] o.m.s.mapper.ClassPathMapperScanner      : No MyBatis mapper was found in '[kr.ch09]' package. Please check your configuration.
2023-10-06T12:07:52.178+09:00  INFO 15336 --- [restartedMain] o.s.b.w.embedded.tomcat.TomcatWebServer  : Tomcat initialized with port(s): 8080 (http)
2023-10-06T12:07:52.182+09:00  INFO 15336 --- [restartedMain] o.apache.catalina.core.StandardService   : Starting service [Tomcat]
2023-10-06T12:07:52.182+09:00  INFO 15336 --- [restartedMain] o.apache.catalina.core.StandardEngine    : Starting Servlet engine: [Apache Tomcat/10.1.13]
2023-10-06T12:07:52.214+09:00  INFO 15336 --- [restartedMain] o.a.c.c.C.[Tomcat].[localhost].[/Ch09]   : Initializing Spring embedded WebApplicationContext
2023-10-06T12:07:52.214+09:00  INFO 15336 --- [restartedMain] w.s.c.ServletWebServerApplicationContext : Root WebApplicationContext: initialization completed in 599 ms
2023-10-06T12:07:52.285+09:00  INFO 15336 --- [restartedMain] o.hibernate.jpa.internal.util.LogHelper  : HHH000204: Processing PersistenceUnitInfo [name: default]
2023-10-06T12:07:52.306+09:00  INFO 15336 --- [restartedMain] org.hibernate.Version                    : HHH000412: Hibernate ORM core version 6.2.9.Final
2023-10-06T12:07:52.307+09:00  INFO 15336 --- [restartedMain] org.hibernate.cfg.Environment            : HHH000406: Using bytecode reflection optimizer
2023-10-06T12:07:52.365+09:00  INFO 15336 --- [restartedMain] o.h.b.i.BytecodeProviderInitiator        : HHH000021: Bytecode provider name : bytebuddy
2023-10-06T12:07:52.424+09:00  INFO 15336 --- [restartedMain] o.s.o.j.p.SpringPersistenceUnitInfo      : No LoadTimeWeaver setup: ignoring JPA class transformer
2023-10-06T12:07:52.432+09:00  INFO 15336 --- [restartedMain] com.zaxxer.hikari.HikariDataSource       : HikariPool-1 - Starting...
2023-10-06T12:07:52.709+09:00  INFO 15336 --- [restartedMain] com.zaxxer.hikari.pool.HikariPool        : HikariPool-1 - Added connection com.mysql.cj.jdbc.ConnectionImpl@2e0745c3
2023-10-06T12:07:52.713+09:00  INFO 15336 --- [restartedMain] com.zaxxer.hikari.HikariDataSource       : HikariPool-1 - Start completed.
2023-10-06T12:07:52.749+09:00  WARN 15336 --- [restartedMain] org.hibernate.orm.deprecation            : HHH90000026: MySQL57Dialect has been deprecated; use org.hibernate.dialect.MySQLDialect instead
2023-10-06T12:07:52.830+09:00  INFO 15336 --- [restartedMain] o.h.b.i.BytecodeProviderInitiator        : HHH000021: Bytecode provider name : bytebuddy
2023-10-06T12:07:53.122+09:00  INFO 15336 --- [restartedMain] o.h.e.t.j.p.i.JtaPlatformInitiator       : HHH000490: Using JtaPlatform implementation: [org.hibernate.engine.transaction.jta.platform.internal.NoJtaPlatform]
2023-10-06T12:07:53.212+09:00  INFO 15336 --- [restartedMain] j.LocalContainerEntityManagerFactoryBean : Initialized JPA EntityManagerFactory for persistence unit 'default'
2023-10-06T12:07:53.374+09:00  WARN 15336 --- [restartedMain] JpaBaseConfiguration$JpaWebConfiguration : spring.jpa.open-in-view is enabled by default. Therefore, database queries may be performed during view rendering. Explicitly configure spring.jpa.open-in-view to disable this warning
2023-10-06T12:07:53.432+09:00  INFO 15336 --- [restartedMain] o.s.b.a.w.s.WelcomePageHandlerMapping    : Adding welcome page template: index
2023-10-06T12:07:53.512+09:00  INFO 15336 --- [restartedMain] o.s.s.web.DefaultSecurityFilterChain     : Will secure any request with [org.springframework.security.web.session.DisableEncodeUrlFilter@5666b060, org.springframework.security.web.context.request.async.WebAsyncManagerIntegrationFilter@31848be7, org.springframework.security.web.context.SecurityContextHolderFilter@423d2396, org.springframework.security.web.header.HeaderWriterFilter@532a0d3e, org.springframework.security.web.authentication.logout.LogoutFilter@ae2168f, org.springframework.security.web.authentication.UsernamePasswordAuthenticationFilter@5166cc7f, org.springframework.security.web.savedrequest.RequestCacheAwareFilter@4e514b8d, org.springframework.security.web.servletapi.SecurityContextHolderAwareRequestFilter@2c00fbcd, org.springframework.security.web.authentication.AnonymousAuthenticationFilter@41891ff7, org.springframework.security.web.access.ExceptionTranslationFilter@7c165499, org.springframework.security.web.access.intercept.AuthorizationFilter@48a00ec3]
2023-10-06T12:07:53.645+09:00  INFO 15336 --- [restartedMain] o.s.b.d.a.OptionalLiveReloadServer       : LiveReload server is running on port 35729
2023-10-06T12:07:53.663+09:00  INFO 15336 --- [restartedMain] o.s.b.w.embedded.tomcat.TomcatWebServer  : Tomcat started on port(s): 8080 (http) with context path '/Ch09'
2023-10-06T12:07:53.668+09:00  INFO 15336 --- [restartedMain] kr.ch09.Ch09Application                  : Started Ch09Application in 2.258 seconds (process running for 2.604)
2023-10-06T12:08:07.302+09:00  INFO 15336 --- [http-nio-8080-exec-3] o.a.c.c.C.[Tomcat].[localhost].[/Ch09]   : Initializing Spring DispatcherServlet 'dispatcherServlet'
2023-10-06T12:08:07.302+09:00  INFO 15336 --- [http-nio-8080-exec-3] o.s.web.servlet.DispatcherServlet        : Initializing Servlet 'dispatcherServlet'
2023-10-06T12:08:07.302+09:00  INFO 15336 --- [http-nio-8080-exec-3] o.s.web.servlet.DispatcherServlet        : Completed initialization in 0 ms
2023-10-06T12:08:07.306+09:00 DEBUG 15336 --- [http-nio-8080-exec-3] o.s.security.web.FilterChainProxy        : Securing GET /
2023-10-06T12:08:07.315+09:00 DEBUG 15336 --- [http-nio-8080-exec-3] o.s.security.web.FilterChainProxy        : Secured GET /
2023-10-06T12:08:07.409+09:00 DEBUG 15336 --- [http-nio-8080-exec-3] o.s.s.w.a.AnonymousAuthenticationFilter  : Set SecurityContextHolder to anonymous SecurityContext
2023-10-06T12:08:09.754+09:00 DEBUG 15336 --- [http-nio-8080-exec-4] o.s.security.web.FilterChainProxy        : Securing GET /user/login
2023-10-06T12:08:09.757+09:00 DEBUG 15336 --- [http-nio-8080-exec-4] o.s.security.web.FilterChainProxy        : Secured GET /user/login
2023-10-06T12:08:09.765+09:00 DEBUG 15336 --- [http-nio-8080-exec-4] o.s.s.w.a.AnonymousAuthenticationFilter  : Set SecurityContextHolder to anonymous SecurityContext
2023-10-06T12:08:13.238+09:00 DEBUG 15336 --- [http-nio-8080-exec-5] o.s.security.web.FilterChainProxy        : Securing POST /user/login
2023-10-06T12:08:13.476+09:00 DEBUG 15336 --- [http-nio-8080-exec-5] o.s.s.a.dao.DaoAuthenticationProvider    : Authenticated user
2023-10-06T12:08:13.491+09:00 DEBUG 15336 --- [http-nio-8080-exec-5] w.c.HttpSessionSecurityContextRepository : Stored SecurityContextImpl [Authentication=UsernamePasswordAuthenticationToken [Principal=MyUserDetails(uid=a101, pass=$2a$10$yYFIvBHOHcrBDD/EHYMKbudT11KYtRtKJF3gAYbdA21oR5stpTdCm, name=김유신, age=22, hp=010-1111-0011, role=ADMIN, regDate=2023-10-05T11:43:51.764273), Credentials=[PROTECTED], Authenticated=true, Details=WebAuthenticationDetails [RemoteIpAddress=0:0:0:0:0:0:0:1, SessionId=null], Granted Authorities=[ROLE_ADMIN]]] to HttpSession [org.apache.catalina.session.StandardSessionFacade@53121d9d]
2023-10-06T12:08:13.491+09:00 DEBUG 15336 --- [http-nio-8080-exec-5] w.a.UsernamePasswordAuthenticationFilter : Set SecurityContextHolder to UsernamePasswordAuthenticationToken [Principal=MyUserDetails(uid=a101, pass=$2a$10$yYFIvBHOHcrBDD/EHYMKbudT11KYtRtKJF3gAYbdA21oR5stpTdCm, name=김유신, age=22, hp=010-1111-0011, role=ADMIN, regDate=2023-10-05T11:43:51.764273), Credentials=[PROTECTED], Authenticated=true, Details=WebAuthenticationDetails [RemoteIpAddress=0:0:0:0:0:0:0:1, SessionId=null], Granted Authorities=[ROLE_ADMIN]]
2023-10-06T12:08:13.492+09:00 DEBUG 15336 --- [http-nio-8080-exec-5] o.s.s.web.DefaultRedirectStrategy        : Redirecting to /Ch09/user/success
2023-10-06T12:08:13.494+09:00 DEBUG 15336 --- [http-nio-8080-exec-6] o.s.security.web.FilterChainProxy        : Securing GET /user/success
2023-10-06T12:08:13.495+09:00 DEBUG 15336 --- [http-nio-8080-exec-6] o.s.security.web.FilterChainProxy        : Secured GET /user/success
2023-10-06T12:08:13.497+09:00 DEBUG 15336 --- [http-nio-8080-exec-6] w.c.HttpSessionSecurityContextRepository : Retrieved SecurityContextImpl [Authentication=UsernamePasswordAuthenticationToken [Principal=MyUserDetails(uid=a101, pass=$2a$10$yYFIvBHOHcrBDD/EHYMKbudT11KYtRtKJF3gAYbdA21oR5stpTdCm, name=김유신, age=22, hp=010-1111-0011, role=ADMIN, regDate=2023-10-05T11:43:51.764273), Credentials=[PROTECTED], Authenticated=true, Details=WebAuthenticationDetails [RemoteIpAddress=0:0:0:0:0:0:0:1, SessionId=null], Granted Authorities=[ROLE_ADMIN]]]
2023-10-06T12:08:20.205+09:00 DEBUG 15336 --- [http-nio-8080-exec-7] o.s.security.web.FilterChainProxy        : Securing GET /
2023-10-06T12:08:20.207+09:00 DEBUG 15336 --- [http-nio-8080-exec-7] o.s.security.web.FilterChainProxy        : Secured GET /
2023-10-06T12:08:20.208+09:00 DEBUG 15336 --- [http-nio-8080-exec-7] w.c.HttpSessionSecurityContextRepository : Retrieved SecurityContextImpl [Authentication=UsernamePasswordAuthenticationToken [Principal=MyUserDetails(uid=a101, pass=$2a$10$yYFIvBHOHcrBDD/EHYMKbudT11KYtRtKJF3gAYbdA21oR5stpTdCm, name=김유신, age=22, hp=010-1111-0011, role=ADMIN, regDate=2023-10-05T11:43:51.764273), Credentials=[PROTECTED], Authenticated=true, Details=WebAuthenticationDetails [RemoteIpAddress=0:0:0:0:0:0:0:1, SessionId=null], Granted Authorities=[ROLE_ADMIN]]]
2023-10-06T12:08:21.743+09:00 DEBUG 15336 --- [http-nio-8080-exec-8] o.s.security.web.FilterChainProxy        : Securing GET /admin/index
2023-10-06T12:08:21.744+09:00 DEBUG 15336 --- [http-nio-8080-exec-8] w.c.HttpSessionSecurityContextRepository : Retrieved SecurityContextImpl [Authentication=UsernamePasswordAuthenticationToken [Principal=MyUserDetails(uid=a101, pass=$2a$10$yYFIvBHOHcrBDD/EHYMKbudT11KYtRtKJF3gAYbdA21oR5stpTdCm, name=김유신, age=22, hp=010-1111-0011, role=ADMIN, regDate=2023-10-05T11:43:51.764273), Credentials=[PROTECTED], Authenticated=true, Details=WebAuthenticationDetails [RemoteIpAddress=0:0:0:0:0:0:0:1, SessionId=null], Granted Authorities=[ROLE_ADMIN]]]
2023-10-06T12:08:21.744+09:00 DEBUG 15336 --- [http-nio-8080-exec-8] o.s.security.web.FilterChainProxy        : Secured GET /admin/index
2023-10-06T12:08:22.908+09:00 DEBUG 15336 --- [http-nio-8080-exec-9] o.s.security.web.FilterChainProxy        : Securing GET /
2023-10-06T12:08:22.909+09:00 DEBUG 15336 --- [http-nio-8080-exec-9] o.s.security.web.FilterChainProxy        : Secured GET /
2023-10-06T12:08:22.911+09:00 DEBUG 15336 --- [http-nio-8080-exec-9] w.c.HttpSessionSecurityContextRepository : Retrieved SecurityContextImpl [Authentication=UsernamePasswordAuthenticationToken [Principal=MyUserDetails(uid=a101, pass=$2a$10$yYFIvBHOHcrBDD/EHYMKbudT11KYtRtKJF3gAYbdA21oR5stpTdCm, name=김유신, age=22, hp=010-1111-0011, role=ADMIN, regDate=2023-10-05T11:43:51.764273), Credentials=[PROTECTED], Authenticated=true, Details=WebAuthenticationDetails [RemoteIpAddress=0:0:0:0:0:0:0:1, SessionId=null], Granted Authorities=[ROLE_ADMIN]]]
2023-10-06T12:08:23.411+09:00 DEBUG 15336 --- [http-nio-8080-exec-10] o.s.security.web.FilterChainProxy        : Securing GET /manager/index
2023-10-06T12:08:23.412+09:00 DEBUG 15336 --- [http-nio-8080-exec-10] w.c.HttpSessionSecurityContextRepository : Retrieved SecurityContextImpl [Authentication=UsernamePasswordAuthenticationToken [Principal=MyUserDetails(uid=a101, pass=$2a$10$yYFIvBHOHcrBDD/EHYMKbudT11KYtRtKJF3gAYbdA21oR5stpTdCm, name=김유신, age=22, hp=010-1111-0011, role=ADMIN, regDate=2023-10-05T11:43:51.764273), Credentials=[PROTECTED], Authenticated=true, Details=WebAuthenticationDetails [RemoteIpAddress=0:0:0:0:0:0:0:1, SessionId=null], Granted Authorities=[ROLE_ADMIN]]]
2023-10-06T12:08:23.412+09:00 DEBUG 15336 --- [http-nio-8080-exec-10] o.s.security.web.FilterChainProxy        : Secured GET /manager/index
2023-10-06T12:08:24.413+09:00 DEBUG 15336 --- [http-nio-8080-exec-1] o.s.security.web.FilterChainProxy        : Securing GET /
2023-10-06T12:08:24.414+09:00 DEBUG 15336 --- [http-nio-8080-exec-1] o.s.security.web.FilterChainProxy        : Secured GET /
2023-10-06T12:08:24.417+09:00 DEBUG 15336 --- [http-nio-8080-exec-1] w.c.HttpSessionSecurityContextRepository : Retrieved SecurityContextImpl [Authentication=UsernamePasswordAuthenticationToken [Principal=MyUserDetails(uid=a101, pass=$2a$10$yYFIvBHOHcrBDD/EHYMKbudT11KYtRtKJF3gAYbdA21oR5stpTdCm, name=김유신, age=22, hp=010-1111-0011, role=ADMIN, regDate=2023-10-05T11:43:51.764273), Credentials=[PROTECTED], Authenticated=true, Details=WebAuthenticationDetails [RemoteIpAddress=0:0:0:0:0:0:0:1, SessionId=null], Granted Authorities=[ROLE_ADMIN]]]
2023-10-06T12:08:32.834+09:00 DEBUG 15336 --- [http-nio-8080-exec-2] o.s.security.web.FilterChainProxy        : Securing GET /user/logout
2023-10-06T12:08:32.835+09:00 DEBUG 15336 --- [http-nio-8080-exec-2] w.c.HttpSessionSecurityContextRepository : Retrieved SecurityContextImpl [Authentication=UsernamePasswordAuthenticationToken [Principal=MyUserDetails(uid=a101, pass=$2a$10$yYFIvBHOHcrBDD/EHYMKbudT11KYtRtKJF3gAYbdA21oR5stpTdCm, name=김유신, age=22, hp=010-1111-0011, role=ADMIN, regDate=2023-10-05T11:43:51.764273), Credentials=[PROTECTED], Authenticated=true, Details=WebAuthenticationDetails [RemoteIpAddress=0:0:0:0:0:0:0:1, SessionId=null], Granted Authorities=[ROLE_ADMIN]]]
2023-10-06T12:08:32.835+09:00 DEBUG 15336 --- [http-nio-8080-exec-2] o.s.s.w.a.logout.LogoutFilter            : Logging out [UsernamePasswordAuthenticationToken [Principal=MyUserDetails(uid=a101, pass=$2a$10$yYFIvBHOHcrBDD/EHYMKbudT11KYtRtKJF3gAYbdA21oR5stpTdCm, name=김유신, age=22, hp=010-1111-0011, role=ADMIN, regDate=2023-10-05T11:43:51.764273), Credentials=[PROTECTED], Authenticated=true, Details=WebAuthenticationDetails [RemoteIpAddress=0:0:0:0:0:0:0:1, SessionId=null], Granted Authorities=[ROLE_ADMIN]]]
2023-10-06T12:08:32.835+09:00 DEBUG 15336 --- [http-nio-8080-exec-2] o.s.s.w.a.l.SecurityContextLogoutHandler : Invalidated session 299117724A8599EF4F1966777F418C16
2023-10-06T12:08:32.836+09:00 DEBUG 15336 --- [http-nio-8080-exec-2] o.s.s.web.DefaultRedirectStrategy        : Redirecting to /Ch09/user/login?success=200
2023-10-06T12:08:32.838+09:00 DEBUG 15336 --- [http-nio-8080-exec-3] o.s.security.web.FilterChainProxy        : Securing GET /user/login?success=200
2023-10-06T12:08:32.842+09:00 DEBUG 15336 --- [http-nio-8080-exec-3] o.s.security.web.FilterChainProxy        : Secured GET /user/login?success=200
2023-10-06T12:08:32.844+09:00 DEBUG 15336 --- [http-nio-8080-exec-3] o.s.s.w.a.AnonymousAuthenticationFilter  : Set SecurityContextHolder to anonymous SecurityContext
2023-10-06T12:08:37.054+09:00 DEBUG 15336 --- [http-nio-8080-exec-4] o.s.security.web.FilterChainProxy        : Securing POST /user/login?success=200
2023-10-06T12:08:37.130+09:00 DEBUG 15336 --- [http-nio-8080-exec-4] .s.a.DefaultAuthenticationEventPublisher : No event was found for the exception org.springframework.security.authentication.InternalAuthenticationServiceException
2023-10-06T12:08:37.130+09:00 ERROR 15336 --- [http-nio-8080-exec-4] w.a.UsernamePasswordAuthenticationFilter : An internal error occurred while trying to authenticate the user.

org.springframework.security.authentication.InternalAuthenticationServiceException: No value present
	at org.springframework.security.authentication.dao.DaoAuthenticationProvider.retrieveUser(DaoAuthenticationProvider.java:118) ~[spring-security-core-6.1.4.jar:6.1.4]
	at org.springframework.security.authentication.dao.AbstractUserDetailsAuthenticationProvider.authenticate(AbstractUserDetailsAuthenticationProvider.java:133) ~[spring-security-core-6.1.4.jar:6.1.4]
	at org.springframework.security.authentication.ProviderManager.authenticate(ProviderManager.java:182) ~[spring-security-core-6.1.4.jar:6.1.4]
	at org.springframework.security.web.authentication.UsernamePasswordAuthenticationFilter.attemptAuthentication(UsernamePasswordAuthenticationFilter.java:85) ~[spring-security-web-6.1.4.jar:6.1.4]
	at org.springframework.security.web.authentication.AbstractAuthenticationProcessingFilter.doFilter(AbstractAuthenticationProcessingFilter.java:231) ~[spring-security-web-6.1.4.jar:6.1.4]
	at org.springframework.security.web.authentication.AbstractAuthenticationProcessingFilter.doFilter(AbstractAuthenticationProcessingFilter.java:221) ~[spring-security-web-6.1.4.jar:6.1.4]
	at org.springframework.security.web.FilterChainProxy$VirtualFilterChain.doFilter(FilterChainProxy.java:374) ~[spring-security-web-6.1.4.jar:6.1.4]
	at org.springframework.security.web.authentication.logout.LogoutFilter.doFilter(LogoutFilter.java:107) ~[spring-security-web-6.1.4.jar:6.1.4]
	at org.springframework.security.web.authentication.logout.LogoutFilter.doFilter(LogoutFilter.java:93) ~[spring-security-web-6.1.4.jar:6.1.4]
	at org.springframework.security.web.FilterChainProxy$VirtualFilterChain.doFilter(FilterChainProxy.java:374) ~[spring-security-web-6.1.4.jar:6.1.4]
	at org.springframework.security.web.header.HeaderWriterFilter.doHeadersAfter(HeaderWriterFilter.java:90) ~[spring-security-web-6.1.4.jar:6.1.4]
	at org.springframework.security.web.header.HeaderWriterFilter.doFilterInternal(HeaderWriterFilter.java:75) ~[spring-security-web-6.1.4.jar:6.1.4]
	at org.springframework.web.filter.OncePerRequestFilter.doFilter(OncePerRequestFilter.java:116) ~[spring-web-6.0.12.jar:6.0.12]
	at org.springframework.security.web.FilterChainProxy$VirtualFilterChain.doFilter(FilterChainProxy.java:374) ~[spring-security-web-6.1.4.jar:6.1.4]
	at org.springframework.security.web.context.SecurityContextHolderFilter.doFilter(SecurityContextHolderFilter.java:82) ~[spring-security-web-6.1.4.jar:6.1.4]
	at org.springframework.security.web.context.SecurityContextHolderFilter.doFilter(SecurityContextHolderFilter.java:69) ~[spring-security-web-6.1.4.jar:6.1.4]
	at org.springframework.security.web.FilterChainProxy$VirtualFilterChain.doFilter(FilterChainProxy.java:374) ~[spring-security-web-6.1.4.jar:6.1.4]
	at org.springframework.security.web.context.request.async.WebAsyncManagerIntegrationFilter.doFilterInternal(WebAsyncManagerIntegrationFilter.java:62) ~[spring-security-web-6.1.4.jar:6.1.4]
	at org.springframework.web.filter.OncePerRequestFilter.doFilter(OncePerRequestFilter.java:116) ~[spring-web-6.0.12.jar:6.0.12]
	at org.springframework.security.web.FilterChainProxy$VirtualFilterChain.doFilter(FilterChainProxy.java:374) ~[spring-security-web-6.1.4.jar:6.1.4]
	at org.springframework.security.web.session.DisableEncodeUrlFilter.doFilterInternal(DisableEncodeUrlFilter.java:42) ~[spring-security-web-6.1.4.jar:6.1.4]
	at org.springframework.web.filter.OncePerRequestFilter.doFilter(OncePerRequestFilter.java:116) ~[spring-web-6.0.12.jar:6.0.12]
	at org.springframework.security.web.FilterChainProxy$VirtualFilterChain.doFilter(FilterChainProxy.java:374) ~[spring-security-web-6.1.4.jar:6.1.4]
	at org.springframework.security.web.FilterChainProxy.doFilterInternal(FilterChainProxy.java:233) ~[spring-security-web-6.1.4.jar:6.1.4]
	at org.springframework.security.web.FilterChainProxy.doFilter(FilterChainProxy.java:191) ~[spring-security-web-6.1.4.jar:6.1.4]
	at org.springframework.web.filter.DelegatingFilterProxy.invokeDelegate(DelegatingFilterProxy.java:352) ~[spring-web-6.0.12.jar:6.0.12]
	at org.springframework.web.filter.DelegatingFilterProxy.doFilter(DelegatingFilterProxy.java:268) ~[spring-web-6.0.12.jar:6.0.12]
	at org.apache.catalina.core.ApplicationFilterChain.internalDoFilter(ApplicationFilterChain.java:174) ~[tomcat-embed-core-10.1.13.jar:10.1.13]
	at org.apache.catalina.core.ApplicationFilterChain.doFilter(ApplicationFilterChain.java:149) ~[tomcat-embed-core-10.1.13.jar:10.1.13]
	at org.springframework.web.filter.RequestContextFilter.doFilterInternal(RequestContextFilter.java:100) ~[spring-web-6.0.12.jar:6.0.12]
	at org.springframework.web.filter.OncePerRequestFilter.doFilter(OncePerRequestFilter.java:116) ~[spring-web-6.0.12.jar:6.0.12]
	at org.apache.catalina.core.ApplicationFilterChain.internalDoFilter(ApplicationFilterChain.java:174) ~[tomcat-embed-core-10.1.13.jar:10.1.13]
	at org.apache.catalina.core.ApplicationFilterChain.doFilter(ApplicationFilterChain.java:149) ~[tomcat-embed-core-10.1.13.jar:10.1.13]
	at org.springframework.web.filter.FormContentFilter.doFilterInternal(FormContentFilter.java:93) ~[spring-web-6.0.12.jar:6.0.12]
	at org.springframework.web.filter.OncePerRequestFilter.doFilter(OncePerRequestFilter.java:116) ~[spring-web-6.0.12.jar:6.0.12]
	at org.apache.catalina.core.ApplicationFilterChain.internalDoFilter(ApplicationFilterChain.java:174) ~[tomcat-embed-core-10.1.13.jar:10.1.13]
	at org.apache.catalina.core.ApplicationFilterChain.doFilter(ApplicationFilterChain.java:149) ~[tomcat-embed-core-10.1.13.jar:10.1.13]
	at org.springframework.web.filter.CharacterEncodingFilter.doFilterInternal(CharacterEncodingFilter.java:201) ~[spring-web-6.0.12.jar:6.0.12]
	at org.springframework.web.filter.OncePerRequestFilter.doFilter(OncePerRequestFilter.java:116) ~[spring-web-6.0.12.jar:6.0.12]
	at org.apache.catalina.core.ApplicationFilterChain.internalDoFilter(ApplicationFilterChain.java:174) ~[tomcat-embed-core-10.1.13.jar:10.1.13]
	at org.apache.catalina.core.ApplicationFilterChain.doFilter(ApplicationFilterChain.java:149) ~[tomcat-embed-core-10.1.13.jar:10.1.13]
	at org.apache.catalina.core.StandardWrapperValve.invoke(StandardWrapperValve.java:167) ~[tomcat-embed-core-10.1.13.jar:10.1.13]
	at org.apache.catalina.core.StandardContextValve.invoke(StandardContextValve.java:90) ~[tomcat-embed-core-10.1.13.jar:10.1.13]
	at org.apache.catalina.authenticator.AuthenticatorBase.invoke(AuthenticatorBase.java:482) ~[tomcat-embed-core-10.1.13.jar:10.1.13]
	at org.apache.catalina.core.StandardHostValve.invoke(StandardHostValve.java:115) ~[tomcat-embed-core-10.1.13.jar:10.1.13]
	at org.apache.catalina.valves.ErrorReportValve.invoke(ErrorReportValve.java:93) ~[tomcat-embed-core-10.1.13.jar:10.1.13]
	at org.apache.catalina.core.StandardEngineValve.invoke(StandardEngineValve.java:74) ~[tomcat-embed-core-10.1.13.jar:10.1.13]
	at org.apache.catalina.connector.CoyoteAdapter.service(CoyoteAdapter.java:341) ~[tomcat-embed-core-10.1.13.jar:10.1.13]
	at org.apache.coyote.http11.Http11Processor.service(Http11Processor.java:391) ~[tomcat-embed-core-10.1.13.jar:10.1.13]
	at org.apache.coyote.AbstractProcessorLight.process(AbstractProcessorLight.java:63) ~[tomcat-embed-core-10.1.13.jar:10.1.13]
	at org.apache.coyote.AbstractProtocol$ConnectionHandler.process(AbstractProtocol.java:894) ~[tomcat-embed-core-10.1.13.jar:10.1.13]
	at org.apache.tomcat.util.net.NioEndpoint$SocketProcessor.doRun(NioEndpoint.java:1740) ~[tomcat-embed-core-10.1.13.jar:10.1.13]
	at org.apache.tomcat.util.net.SocketProcessorBase.run(SocketProcessorBase.java:52) ~[tomcat-embed-core-10.1.13.jar:10.1.13]
	at org.apache.tomcat.util.threads.ThreadPoolExecutor.runWorker(ThreadPoolExecutor.java:1191) ~[tomcat-embed-core-10.1.13.jar:10.1.13]
	at org.apache.tomcat.util.threads.ThreadPoolExecutor$Worker.run(ThreadPoolExecutor.java:659) ~[tomcat-embed-core-10.1.13.jar:10.1.13]
	at org.apache.tomcat.util.threads.TaskThread$WrappingRunnable.run(TaskThread.java:61) ~[tomcat-embed-core-10.1.13.jar:10.1.13]
	at java.base/java.lang.Thread.run(Thread.java:833) ~[na:na]
Caused by: java.util.NoSuchElementException: No value present
	at java.base/java.util.Optional.get(Optional.java:143) ~[na:na]
	at kr.ch09.security.SecurityUserService.loadUserByUsername(SecurityUserService.java:23) ~[classes/:na]
	at org.springframework.security.authentication.dao.DaoAuthenticationProvider.retrieveUser(DaoAuthenticationProvider.java:103) ~[spring-security-core-6.1.4.jar:6.1.4]
	... 56 common frames omitted

2023-10-06T12:08:37.136+09:00 DEBUG 15336 --- [http-nio-8080-exec-4] o.s.s.web.DefaultRedirectStrategy        : Redirecting to /Ch09/user/login?success=100
2023-10-06T12:08:37.138+09:00 DEBUG 15336 --- [http-nio-8080-exec-5] o.s.security.web.FilterChainProxy        : Securing GET /user/login?success=100
2023-10-06T12:08:37.139+09:00 DEBUG 15336 --- [http-nio-8080-exec-5] o.s.security.web.FilterChainProxy        : Secured GET /user/login?success=100
2023-10-06T12:08:37.140+09:00 DEBUG 15336 --- [http-nio-8080-exec-5] o.s.s.w.a.AnonymousAuthenticationFilter  : Set SecurityContextHolder to anonymous SecurityContext
2023-10-06T12:08:41.031+09:00 DEBUG 15336 --- [http-nio-8080-exec-6] o.s.security.web.FilterChainProxy        : Securing POST /user/login?success=100
2023-10-06T12:08:41.169+09:00 DEBUG 15336 --- [http-nio-8080-exec-6] o.s.s.a.dao.DaoAuthenticationProvider    : Authenticated user
2023-10-06T12:08:41.170+09:00 DEBUG 15336 --- [http-nio-8080-exec-6] .s.ChangeSessionIdAuthenticationStrategy : Changed session id from B5C1714D404BB92528517D3698C5ABAA
2023-10-06T12:08:41.170+09:00 DEBUG 15336 --- [http-nio-8080-exec-6] w.c.HttpSessionSecurityContextRepository : Stored SecurityContextImpl [Authentication=UsernamePasswordAuthenticationToken [Principal=MyUserDetails(uid=a101, pass=$2a$10$yYFIvBHOHcrBDD/EHYMKbudT11KYtRtKJF3gAYbdA21oR5stpTdCm, name=김유신, age=22, hp=010-1111-0011, role=ADMIN, regDate=2023-10-05T11:43:51.764273), Credentials=[PROTECTED], Authenticated=true, Details=WebAuthenticationDetails [RemoteIpAddress=0:0:0:0:0:0:0:1, SessionId=B5C1714D404BB92528517D3698C5ABAA], Granted Authorities=[ROLE_ADMIN]]] to HttpSession [org.apache.catalina.session.StandardSessionFacade@c1c6aca]
2023-10-06T12:08:41.170+09:00 DEBUG 15336 --- [http-nio-8080-exec-6] w.a.UsernamePasswordAuthenticationFilter : Set SecurityContextHolder to UsernamePasswordAuthenticationToken [Principal=MyUserDetails(uid=a101, pass=$2a$10$yYFIvBHOHcrBDD/EHYMKbudT11KYtRtKJF3gAYbdA21oR5stpTdCm, name=김유신, age=22, hp=010-1111-0011, role=ADMIN, regDate=2023-10-05T11:43:51.764273), Credentials=[PROTECTED], Authenticated=true, Details=WebAuthenticationDetails [RemoteIpAddress=0:0:0:0:0:0:0:1, SessionId=B5C1714D404BB92528517D3698C5ABAA], Granted Authorities=[ROLE_ADMIN]]
2023-10-06T12:08:41.170+09:00 DEBUG 15336 --- [http-nio-8080-exec-6] o.s.s.web.DefaultRedirectStrategy        : Redirecting to /Ch09/user/success
2023-10-06T12:08:41.173+09:00 DEBUG 15336 --- [http-nio-8080-exec-7] o.s.security.web.FilterChainProxy        : Securing GET /user/success
2023-10-06T12:08:41.173+09:00 DEBUG 15336 --- [http-nio-8080-exec-7] o.s.security.web.FilterChainProxy        : Secured GET /user/success
2023-10-06T12:08:41.174+09:00 DEBUG 15336 --- [http-nio-8080-exec-7] w.c.HttpSessionSecurityContextRepository : Retrieved SecurityContextImpl [Authentication=UsernamePasswordAuthenticationToken [Principal=MyUserDetails(uid=a101, pass=$2a$10$yYFIvBHOHcrBDD/EHYMKbudT11KYtRtKJF3gAYbdA21oR5stpTdCm, name=김유신, age=22, hp=010-1111-0011, role=ADMIN, regDate=2023-10-05T11:43:51.764273), Credentials=[PROTECTED], Authenticated=true, Details=WebAuthenticationDetails [RemoteIpAddress=0:0:0:0:0:0:0:1, SessionId=B5C1714D404BB92528517D3698C5ABAA], Granted Authorities=[ROLE_ADMIN]]]
2023-10-06T12:08:49.745+09:00 DEBUG 15336 --- [http-nio-8080-exec-8] o.s.security.web.FilterChainProxy        : Securing GET /user/logout
2023-10-06T12:08:49.746+09:00 DEBUG 15336 --- [http-nio-8080-exec-8] w.c.HttpSessionSecurityContextRepository : Retrieved SecurityContextImpl [Authentication=UsernamePasswordAuthenticationToken [Principal=MyUserDetails(uid=a101, pass=$2a$10$yYFIvBHOHcrBDD/EHYMKbudT11KYtRtKJF3gAYbdA21oR5stpTdCm, name=김유신, age=22, hp=010-1111-0011, role=ADMIN, regDate=2023-10-05T11:43:51.764273), Credentials=[PROTECTED], Authenticated=true, Details=WebAuthenticationDetails [RemoteIpAddress=0:0:0:0:0:0:0:1, SessionId=B5C1714D404BB92528517D3698C5ABAA], Granted Authorities=[ROLE_ADMIN]]]
2023-10-06T12:08:49.746+09:00 DEBUG 15336 --- [http-nio-8080-exec-8] o.s.s.w.a.logout.LogoutFilter            : Logging out [UsernamePasswordAuthenticationToken [Principal=MyUserDetails(uid=a101, pass=$2a$10$yYFIvBHOHcrBDD/EHYMKbudT11KYtRtKJF3gAYbdA21oR5stpTdCm, name=김유신, age=22, hp=010-1111-0011, role=ADMIN, regDate=2023-10-05T11:43:51.764273), Credentials=[PROTECTED], Authenticated=true, Details=WebAuthenticationDetails [RemoteIpAddress=0:0:0:0:0:0:0:1, SessionId=B5C1714D404BB92528517D3698C5ABAA], Granted Authorities=[ROLE_ADMIN]]]
2023-10-06T12:08:49.746+09:00 DEBUG 15336 --- [http-nio-8080-exec-8] o.s.s.w.a.l.SecurityContextLogoutHandler : Invalidated session FD18A58DF439086D38CFDEF7AE8BCC5C
2023-10-06T12:08:49.746+09:00 DEBUG 15336 --- [http-nio-8080-exec-8] o.s.s.web.DefaultRedirectStrategy        : Redirecting to /Ch09/user/login?success=200
2023-10-06T12:08:49.748+09:00 DEBUG 15336 --- [http-nio-8080-exec-9] o.s.security.web.FilterChainProxy        : Securing GET /user/login?success=200
2023-10-06T12:08:49.749+09:00 DEBUG 15336 --- [http-nio-8080-exec-9] o.s.security.web.FilterChainProxy        : Secured GET /user/login?success=200
2023-10-06T12:08:49.750+09:00 DEBUG 15336 --- [http-nio-8080-exec-9] o.s.s.w.a.AnonymousAuthenticationFilter  : Set SecurityContextHolder to anonymous SecurityContext
2023-10-06T12:08:58.206+09:00 DEBUG 15336 --- [http-nio-8080-exec-10] o.s.security.web.FilterChainProxy        : Securing POST /user/login?success=200
2023-10-06T12:08:58.347+09:00 DEBUG 15336 --- [http-nio-8080-exec-10] o.s.s.a.dao.DaoAuthenticationProvider    : Authenticated user
2023-10-06T12:08:58.347+09:00 DEBUG 15336 --- [http-nio-8080-exec-10] w.c.HttpSessionSecurityContextRepository : Stored SecurityContextImpl [Authentication=UsernamePasswordAuthenticationToken [Principal=MyUserDetails(uid=a102, pass=$2a$10$/pFRGoUsnY2j1ZqCR67lROecKVrMqyondTlTWBdk7iByylmkvBVgu, name=김춘추, age=22, hp=010-1111-8811, role=MANAGER, regDate=2023-10-05T11:44:49.811270), Credentials=[PROTECTED], Authenticated=true, Details=WebAuthenticationDetails [RemoteIpAddress=0:0:0:0:0:0:0:1, SessionId=null], Granted Authorities=[ROLE_MANAGER]]] to HttpSession [org.apache.catalina.session.StandardSessionFacade@62cd91c2]
2023-10-06T12:08:58.347+09:00 DEBUG 15336 --- [http-nio-8080-exec-10] w.a.UsernamePasswordAuthenticationFilter : Set SecurityContextHolder to UsernamePasswordAuthenticationToken [Principal=MyUserDetails(uid=a102, pass=$2a$10$/pFRGoUsnY2j1ZqCR67lROecKVrMqyondTlTWBdk7iByylmkvBVgu, name=김춘추, age=22, hp=010-1111-8811, role=MANAGER, regDate=2023-10-05T11:44:49.811270), Credentials=[PROTECTED], Authenticated=true, Details=WebAuthenticationDetails [RemoteIpAddress=0:0:0:0:0:0:0:1, SessionId=null], Granted Authorities=[ROLE_MANAGER]]
2023-10-06T12:08:58.347+09:00 DEBUG 15336 --- [http-nio-8080-exec-10] o.s.s.web.DefaultRedirectStrategy        : Redirecting to /Ch09/user/success
2023-10-06T12:08:58.349+09:00 DEBUG 15336 --- [http-nio-8080-exec-1] o.s.security.web.FilterChainProxy        : Securing GET /user/success
2023-10-06T12:08:58.349+09:00 DEBUG 15336 --- [http-nio-8080-exec-1] o.s.security.web.FilterChainProxy        : Secured GET /user/success
2023-10-06T12:08:58.350+09:00 DEBUG 15336 --- [http-nio-8080-exec-1] w.c.HttpSessionSecurityContextRepository : Retrieved SecurityContextImpl [Authentication=UsernamePasswordAuthenticationToken [Principal=MyUserDetails(uid=a102, pass=$2a$10$/pFRGoUsnY2j1ZqCR67lROecKVrMqyondTlTWBdk7iByylmkvBVgu, name=김춘추, age=22, hp=010-1111-8811, role=MANAGER, regDate=2023-10-05T11:44:49.811270), Credentials=[PROTECTED], Authenticated=true, Details=WebAuthenticationDetails [RemoteIpAddress=0:0:0:0:0:0:0:1, SessionId=null], Granted Authorities=[ROLE_MANAGER]]]
2023-10-06T12:09:04.328+09:00 DEBUG 15336 --- [http-nio-8080-exec-3] o.s.security.web.FilterChainProxy        : Securing GET /
2023-10-06T12:09:04.329+09:00 DEBUG 15336 --- [http-nio-8080-exec-3] o.s.security.web.FilterChainProxy        : Secured GET /
2023-10-06T12:09:04.331+09:00 DEBUG 15336 --- [http-nio-8080-exec-3] w.c.HttpSessionSecurityContextRepository : Retrieved SecurityContextImpl [Authentication=UsernamePasswordAuthenticationToken [Principal=MyUserDetails(uid=a102, pass=$2a$10$/pFRGoUsnY2j1ZqCR67lROecKVrMqyondTlTWBdk7iByylmkvBVgu, name=김춘추, age=22, hp=010-1111-8811, role=MANAGER, regDate=2023-10-05T11:44:49.811270), Credentials=[PROTECTED], Authenticated=true, Details=WebAuthenticationDetails [RemoteIpAddress=0:0:0:0:0:0:0:1, SessionId=null], Granted Authorities=[ROLE_MANAGER]]]
2023-10-06T12:09:07.157+09:00 DEBUG 15336 --- [http-nio-8080-exec-4] o.s.security.web.FilterChainProxy        : Securing GET /manager/index
2023-10-06T12:09:07.158+09:00 DEBUG 15336 --- [http-nio-8080-exec-4] w.c.HttpSessionSecurityContextRepository : Retrieved SecurityContextImpl [Authentication=UsernamePasswordAuthenticationToken [Principal=MyUserDetails(uid=a102, pass=$2a$10$/pFRGoUsnY2j1ZqCR67lROecKVrMqyondTlTWBdk7iByylmkvBVgu, name=김춘추, age=22, hp=010-1111-8811, role=MANAGER, regDate=2023-10-05T11:44:49.811270), Credentials=[PROTECTED], Authenticated=true, Details=WebAuthenticationDetails [RemoteIpAddress=0:0:0:0:0:0:0:1, SessionId=null], Granted Authorities=[ROLE_MANAGER]]]
2023-10-06T12:09:07.158+09:00 DEBUG 15336 --- [http-nio-8080-exec-4] o.s.security.web.FilterChainProxy        : Secured GET /manager/index
2023-10-06T12:39:34.226+09:00 DEBUG 15336 --- [http-nio-8080-exec-8] o.s.security.web.FilterChainProxy        : Securing GET /
2023-10-06T12:39:34.227+09:00 DEBUG 15336 --- [http-nio-8080-exec-8] o.s.security.web.FilterChainProxy        : Secured GET /
2023-10-06T12:39:34.229+09:00 DEBUG 15336 --- [http-nio-8080-exec-8] o.s.s.w.a.AnonymousAuthenticationFilter  : Set SecurityContextHolder to anonymous SecurityContext
2023-10-06T12:39:39.377+09:00  INFO 15336 --- [RMI TCP Connection(42)-127.0.0.1] inMXBeanRegistrar$SpringApplicationAdmin : Application shutdown requested.
2023-10-06T12:39:39.381+09:00  INFO 15336 --- [RMI TCP Connection(42)-127.0.0.1] o.apache.catalina.core.StandardService   : Stopping service [Tomcat]
2023-10-06T12:39:39.382+09:00  INFO 15336 --- [RMI TCP Connection(42)-127.0.0.1] o.a.c.c.C.[Tomcat].[localhost].[/Ch09]   : Destroying Spring FrameworkServlet 'dispatcherServlet'
2023-10-06T12:39:39.386+09:00  INFO 15336 --- [RMI TCP Connection(42)-127.0.0.1] j.LocalContainerEntityManagerFactoryBean : Closing JPA EntityManagerFactory for persistence unit 'default'
2023-10-06T12:39:39.387+09:00  INFO 15336 --- [RMI TCP Connection(42)-127.0.0.1] com.zaxxer.hikari.HikariDataSource       : HikariPool-1 - Shutdown initiated...
2023-10-06T12:39:39.487+09:00  INFO 15336 --- [RMI TCP Connection(42)-127.0.0.1] com.zaxxer.hikari.HikariDataSource       : HikariPool-1 - Shutdown completed.
